[12:31:47.025] Global cache location '/Users/jessekelly/Library/Caches/typescript/4.6', safe file path '/users/jessekelly/projects/io-ts-string-types/node_modules/typescript/lib/typingsafelist.json', types map path /users/jessekelly/projects/io-ts-string-types/node_modules/typescript/lib/typesmap.json
[12:31:47.031] Processing cache location '/Users/jessekelly/Library/Caches/typescript/4.6'
[12:31:47.031] Trying to find '/Users/jessekelly/Library/Caches/typescript/4.6/package.json'...
[12:31:47.037] Finished processing cache location '/Users/jessekelly/Library/Caches/typescript/4.6'
[12:31:47.037] Process id: 34555
[12:31:47.037] NPM location: /Users/jessekelly/.nvm/versions/node/v14.17.0/bin/npm (explicit '--npmLocation' not  provided)
[12:31:47.038] validateDefaultNpmLocation: false
[12:31:47.038] Npm config file: /Users/jessekelly/Library/Caches/typescript/4.6/package.json
[12:31:47.038] Updating types-registry npm package...
[12:31:47.038] Exec: /Users/jessekelly/.nvm/versions/node/v14.17.0/bin/npm install --ignore-scripts types-registry@latest
[12:31:47.042]     Failed. stdout:
    stderr:
    /bin/sh: /Users/jessekelly/.nvm/versions/node/v14.17.0/bin/npm: No such file or directory
    
[12:31:47.042] Updated types-registry npm package
[12:31:47.042] Types registry file '/Users/jessekelly/Library/Caches/typescript/4.6/node_modules/types-registry/index.json' does not exist
[12:31:49.275] Got install request {"projectName":"/dev/null/inferredProject1*","fileNames":["/Users/jessekelly/projects/io-ts-string-types/node_modules/typescript/lib/lib.es5.d.ts","/Users/jessekelly/projects/io-ts-string-types/node_modules/typescript/lib/lib.es2015.d.ts","/Users/jessekelly/projects/io-ts-string-types/node_modules/typescript/lib/lib.es2016.d.ts","/Users/jessekelly/projects/io-ts-string-types/node_modules/typescript/lib/lib.dom.d.ts","/Users/jessekelly/projects/io-ts-string-types/node_modules/typescript/lib/lib.dom.iterable.d.ts","/Users/jessekelly/projects/io-ts-string-types/node_modules/typescript/lib/lib.webworker.importscripts.d.ts","/Users/jessekelly/projects/io-ts-string-types/node_modules/typescript/lib/lib.scripthost.d.ts","/Users/jessekelly/projects/io-ts-string-types/node_modules/typescript/lib/lib.es2015.core.d.ts","/Users/jessekelly/projects/io-ts-string-types/node_modules/typescript/lib/lib.es2015.collection.d.ts","/Users/jessekelly/projects/io-ts-string-types/node_modules/typescript/lib/lib.es2015.generator.d.ts","/Users/jessekelly/projects/io-ts-string-types/node_modules/typescript/lib/lib.es2015.iterable.d.ts","/Users/jessekelly/projects/io-ts-string-types/node_modules/typescript/lib/lib.es2015.promise.d.ts","/Users/jessekelly/projects/io-ts-string-types/node_modules/typescript/lib/lib.es2015.proxy.d.ts","/Users/jessekelly/projects/io-ts-string-types/node_modules/typescript/lib/lib.es2015.reflect.d.ts","/Users/jessekelly/projects/io-ts-string-types/node_modules/typescript/lib/lib.es2015.symbol.d.ts","/Users/jessekelly/projects/io-ts-string-types/node_modules/typescript/lib/lib.es2015.symbol.wellknown.d.ts","/Users/jessekelly/projects/io-ts-string-types/node_modules/typescript/lib/lib.es2016.array.include.d.ts","/Users/jessekelly/projects/io-ts-string-types/node_modules/typescript/lib/lib.es2016.full.d.ts","/Users/jessekelly/projects/io-ts-string-types/jest.config.js"],"compilerOptions":{"module":1,"target":3,"jsx":1,"allowJs":true,"allowSyntheticDefaultImports":true,"allowNonTsExtensions":true,"noEmitForJsFiles":true,"maxNodeModuleJsDepth":2},"typeAcquisition":{"enable":true,"include":[],"exclude":[]},"unresolvedImports":[],"projectRootPath":"/Users/jessekelly/projects/io-ts-string-types","kind":"discover"}
[12:31:49.288] Loaded safelist from types map file '/users/jessekelly/projects/io-ts-string-types/node_modules/typescript/lib/typesmap.json'
[12:31:49.289] Explicitly included types: []
[12:31:49.297] Typing names in '/Users/jessekelly/projects/io-ts-string-types/package.json' dependencies: ["@relmify/jest-fp-ts","@types/validator","validator","@types/jest","@typescript-eslint/eslint-plugin","@typescript-eslint/parser","cspell","docs-ts","eslint","fast-check","fp-ts","jest","prettier","prettier-plugin-jsdoc","ts-jest","typescript","@types/validator","fp-ts","validator"]
[12:31:49.297] Searching for typing names in /Users/jessekelly/projects/io-ts-string-types/node_modules; all files: ["/Users/jessekelly/projects/io-ts-string-types/node_modules/@relmify/jest-fp-ts/package.json","/Users/jessekelly/projects/io-ts-string-types/node_modules/@types/validator/package.json","/Users/jessekelly/projects/io-ts-string-types/node_modules/validator/package.json","/Users/jessekelly/projects/io-ts-string-types/node_modules/@types/jest/package.json","/Users/jessekelly/projects/io-ts-string-types/node_modules/@typescript-eslint/eslint-plugin/package.json","/Users/jessekelly/projects/io-ts-string-types/node_modules/@typescript-eslint/parser/package.json","/Users/jessekelly/projects/io-ts-string-types/node_modules/cspell/package.json","/Users/jessekelly/projects/io-ts-string-types/node_modules/docs-ts/package.json","/Users/jessekelly/projects/io-ts-string-types/node_modules/eslint/package.json","/Users/jessekelly/projects/io-ts-string-types/node_modules/fast-check/package.json","/Users/jessekelly/projects/io-ts-string-types/node_modules/fp-ts/package.json","/Users/jessekelly/projects/io-ts-string-types/node_modules/jest/package.json","/Users/jessekelly/projects/io-ts-string-types/node_modules/prettier/package.json","/Users/jessekelly/projects/io-ts-string-types/node_modules/prettier-plugin-jsdoc/package.json","/Users/jessekelly/projects/io-ts-string-types/node_modules/ts-jest/package.json","/Users/jessekelly/projects/io-ts-string-types/node_modules/typescript/package.json","/Users/jessekelly/projects/io-ts-string-types/node_modules/@types/validator/package.json","/Users/jessekelly/projects/io-ts-string-types/node_modules/fp-ts/package.json","/Users/jessekelly/projects/io-ts-string-types/node_modules/validator/package.json"]
[12:31:49.298]     Package '@relmify/jest-fp-ts' provides its own types.
[12:31:49.298]     Package '@types/validator' provides its own types.
[12:31:49.300]     Package '@types/jest' provides its own types.
[12:31:49.302]     Package '@typescript-eslint/eslint-plugin' provides its own types.
[12:31:49.303]     Package '@typescript-eslint/parser' provides its own types.
[12:31:49.304]     Package 'cspell' provides its own types.
[12:31:49.307]     Package 'docs-ts' provides its own types.
[12:31:49.321]     Package 'fast-check' provides its own types.
[12:31:49.322]     Package 'fp-ts' provides its own types.
[12:31:49.322]     Package 'jest' provides its own types.
[12:31:49.325]     Package 'ts-jest' provides its own types.
[12:31:49.326]     Package 'typescript' provides its own types.
[12:31:49.327]     Package '@types/validator' provides its own types.
[12:31:49.328]     Package 'fp-ts' provides its own types.
[12:31:49.328]     Found package names: ["validator","eslint","prettier","prettier-plugin-jsdoc","validator"]
[12:31:49.328] Inferred typings from unresolved imports: []
[12:31:49.329] Result: {"cachedTypingPaths":["/Users/jessekelly/projects/io-ts-string-types/node_modules/@relmify/jest-fp-ts/dist/index.d.ts","/Users/jessekelly/projects/io-ts-string-types/node_modules/@types/validator/index.d.ts","/Users/jessekelly/projects/io-ts-string-types/node_modules/@types/jest/index.d.ts","/Users/jessekelly/projects/io-ts-string-types/node_modules/@typescript-eslint/eslint-plugin/index.d.ts","/Users/jessekelly/projects/io-ts-string-types/node_modules/@typescript-eslint/parser/dist/index.d.ts","/Users/jessekelly/projects/io-ts-string-types/node_modules/cspell/dist/index.d.ts","/Users/jessekelly/projects/io-ts-string-types/node_modules/docs-ts/lib/index.d.ts","/Users/jessekelly/projects/io-ts-string-types/node_modules/fast-check/lib/types/fast-check.d.ts","/Users/jessekelly/projects/io-ts-string-types/node_modules/fp-ts/lib/index.d.ts","/Users/jessekelly/projects/io-ts-string-types/node_modules/jest/build/jest.d.ts","/Users/jessekelly/projects/io-ts-string-types/node_modules/ts-jest/dist/index.d.ts","/Users/jessekelly/projects/io-ts-string-types/node_modules/typescript/lib/typescript.d.ts"],"newTypingNames":["validator","eslint","prettier","prettier-plugin-jsdoc"],"filesToWatch":["/Users/jessekelly/projects/io-ts-string-types/bower_components","/Users/jessekelly/projects/io-ts-string-types/package.json","/Users/jessekelly/projects/io-ts-string-types/node_modules"]}
[12:31:49.329] Finished typings discovery: {"cachedTypingPaths":["/Users/jessekelly/projects/io-ts-string-types/node_modules/@relmify/jest-fp-ts/dist/index.d.ts","/Users/jessekelly/projects/io-ts-string-types/node_modules/@types/validator/index.d.ts","/Users/jessekelly/projects/io-ts-string-types/node_modules/@types/jest/index.d.ts","/Users/jessekelly/projects/io-ts-string-types/node_modules/@typescript-eslint/eslint-plugin/index.d.ts","/Users/jessekelly/projects/io-ts-string-types/node_modules/@typescript-eslint/parser/dist/index.d.ts","/Users/jessekelly/projects/io-ts-string-types/node_modules/cspell/dist/index.d.ts","/Users/jessekelly/projects/io-ts-string-types/node_modules/docs-ts/lib/index.d.ts","/Users/jessekelly/projects/io-ts-string-types/node_modules/fast-check/lib/types/fast-check.d.ts","/Users/jessekelly/projects/io-ts-string-types/node_modules/fp-ts/lib/index.d.ts","/Users/jessekelly/projects/io-ts-string-types/node_modules/jest/build/jest.d.ts","/Users/jessekelly/projects/io-ts-string-types/node_modules/ts-jest/dist/index.d.ts","/Users/jessekelly/projects/io-ts-string-types/node_modules/typescript/lib/typescript.d.ts"],"newTypingNames":["validator","eslint","prettier","prettier-plugin-jsdoc"],"filesToWatch":["/Users/jessekelly/projects/io-ts-string-types/bower_components","/Users/jessekelly/projects/io-ts-string-types/package.json","/Users/jessekelly/projects/io-ts-string-types/node_modules"]}
[12:31:49.329] DirectoryWatcher:: Added:: WatchInfo: /Users/jessekelly/projects/io-ts-string-types/bower_components
[12:31:49.329] DirectoryWatcher:: Added:: WatchInfo: /Users/jessekelly/projects/io-ts-string-types/bower_components 1 undefined Project: /dev/null/inferredProject1* watcher already invoked: false
[12:31:49.330] Elapsed:: 0.5397500991821289ms DirectoryWatcher:: Added:: WatchInfo: /Users/jessekelly/projects/io-ts-string-types/bower_components 1 undefined Project: /dev/null/inferredProject1* watcher already invoked: false
[12:31:49.330] FileWatcher:: Added:: WatchInfo: /Users/jessekelly/projects/io-ts-string-types/package.json
[12:31:49.330] FileWatcher:: Added:: WatchInfo: /Users/jessekelly/projects/io-ts-string-types/package.json 2000 undefined Project: /dev/null/inferredProject1* watcher already invoked: false
[12:31:49.330] DirectoryWatcher:: Added:: WatchInfo: /Users/jessekelly/projects/io-ts-string-types/node_modules
[12:31:49.330] DirectoryWatcher:: Added:: WatchInfo: /Users/jessekelly/projects/io-ts-string-types/node_modules 1 undefined Project: /dev/null/inferredProject1* watcher already invoked: false
[12:31:49.332] Elapsed:: 1.721250057220459ms DirectoryWatcher:: Added:: WatchInfo: /Users/jessekelly/projects/io-ts-string-types/node_modules 1 undefined Project: /dev/null/inferredProject1* watcher already invoked: false
[12:31:49.332] Installing typings ["validator","eslint","prettier","prettier-plugin-jsdoc"]
[12:31:49.332] 'validator':: Entry for package 'validator' does not exist in local types registry - skipping...
[12:31:49.332] 'eslint':: Entry for package 'eslint' does not exist in local types registry - skipping...
[12:31:49.332] 'prettier':: Entry for package 'prettier' does not exist in local types registry - skipping...
[12:31:49.332] 'prettier-plugin-jsdoc':: Entry for package 'prettier-plugin-jsdoc' does not exist in local types registry - skipping...
[12:31:49.332] All typings are known to be missing or invalid - no need to install more typings
[12:31:49.332] Sending response:
    {"projectName":"/dev/null/inferredProject1*","typeAcquisition":{"enable":true,"include":[],"exclude":[]},"compilerOptions":{"module":1,"target":3,"jsx":1,"allowJs":true,"allowSyntheticDefaultImports":true,"allowNonTsExtensions":true,"noEmitForJsFiles":true,"maxNodeModuleJsDepth":2},"typings":["/Users/jessekelly/projects/io-ts-string-types/node_modules/@relmify/jest-fp-ts/dist/index.d.ts","/Users/jessekelly/projects/io-ts-string-types/node_modules/@types/validator/index.d.ts","/Users/jessekelly/projects/io-ts-string-types/node_modules/@types/jest/index.d.ts","/Users/jessekelly/projects/io-ts-string-types/node_modules/@typescript-eslint/eslint-plugin/index.d.ts","/Users/jessekelly/projects/io-ts-string-types/node_modules/@typescript-eslint/parser/dist/index.d.ts","/Users/jessekelly/projects/io-ts-string-types/node_modules/cspell/dist/index.d.ts","/Users/jessekelly/projects/io-ts-string-types/node_modules/docs-ts/lib/index.d.ts","/Users/jessekelly/projects/io-ts-string-types/node_modules/fast-check/lib/types/fast-check.d.ts","/Users/jessekelly/projects/io-ts-string-types/node_modules/fp-ts/lib/index.d.ts","/Users/jessekelly/projects/io-ts-string-types/node_modules/jest/build/jest.d.ts","/Users/jessekelly/projects/io-ts-string-types/node_modules/ts-jest/dist/index.d.ts","/Users/jessekelly/projects/io-ts-string-types/node_modules/typescript/lib/typescript.d.ts"],"unresolvedImports":[],"kind":"action::set"}
[12:31:49.332] Response has been sent.
[12:31:50.906] Got install request {"projectName":"/dev/null/inferredProject1*","fileNames":["/Users/jessekelly/projects/io-ts-string-types/node_modules/typescript/lib/lib.es5.d.ts","/Users/jessekelly/projects/io-ts-string-types/node_modules/typescript/lib/lib.es2015.d.ts","/Users/jessekelly/projects/io-ts-string-types/node_modules/typescript/lib/lib.es2016.d.ts","/Users/jessekelly/projects/io-ts-string-types/node_modules/typescript/lib/lib.dom.d.ts","/Users/jessekelly/projects/io-ts-string-types/node_modules/typescript/lib/lib.dom.iterable.d.ts","/Users/jessekelly/projects/io-ts-string-types/node_modules/typescript/lib/lib.webworker.importscripts.d.ts","/Users/jessekelly/projects/io-ts-string-types/node_modules/typescript/lib/lib.scripthost.d.ts","/Users/jessekelly/projects/io-ts-string-types/node_modules/typescript/lib/lib.es2015.core.d.ts","/Users/jessekelly/projects/io-ts-string-types/node_modules/typescript/lib/lib.es2015.collection.d.ts","/Users/jessekelly/projects/io-ts-string-types/node_modules/typescript/lib/lib.es2015.generator.d.ts","/Users/jessekelly/projects/io-ts-string-types/node_modules/typescript/lib/lib.es2015.iterable.d.ts","/Users/jessekelly/projects/io-ts-string-types/node_modules/typescript/lib/lib.es2015.promise.d.ts","/Users/jessekelly/projects/io-ts-string-types/node_modules/typescript/lib/lib.es2015.proxy.d.ts","/Users/jessekelly/projects/io-ts-string-types/node_modules/typescript/lib/lib.es2015.reflect.d.ts","/Users/jessekelly/projects/io-ts-string-types/node_modules/typescript/lib/lib.es2015.symbol.d.ts","/Users/jessekelly/projects/io-ts-string-types/node_modules/typescript/lib/lib.es2015.symbol.wellknown.d.ts","/Users/jessekelly/projects/io-ts-string-types/node_modules/typescript/lib/lib.es2016.array.include.d.ts","/Users/jessekelly/projects/io-ts-string-types/node_modules/typescript/lib/lib.es2016.full.d.ts","/Users/jessekelly/projects/io-ts-string-types/jest.config.js","/Users/jessekelly/projects/io-ts-string-types/node_modules/@relmify/jest-fp-ts/dist/index.d.ts","/Users/jessekelly/projects/io-ts-string-types/node_modules/@types/jest/index.d.ts","/Users/jessekelly/projects/io-ts-string-types/node_modules/@types/validator/index.d.ts","/Users/jessekelly/projects/io-ts-string-types/node_modules/typescript/lib/typescript.d.ts","/Users/jessekelly/projects/io-ts-string-types/node_modules/@typescript-eslint/eslint-plugin/index.d.ts","/Users/jessekelly/projects/io-ts-string-types/node_modules/@typescript-eslint/parser/dist/index.d.ts","/Users/jessekelly/projects/io-ts-string-types/node_modules/cspell/dist/index.d.ts","/Users/jessekelly/projects/io-ts-string-types/node_modules/docs-ts/lib/index.d.ts","/Users/jessekelly/projects/io-ts-string-types/node_modules/fast-check/lib/types/fast-check.d.ts","/Users/jessekelly/projects/io-ts-string-types/node_modules/fp-ts/lib/index.d.ts","/Users/jessekelly/projects/io-ts-string-types/node_modules/jest/build/jest.d.ts","/Users/jessekelly/projects/io-ts-string-types/node_modules/ts-jest/dist/index.d.ts"],"compilerOptions":{"module":1,"target":3,"jsx":1,"allowJs":true,"allowSyntheticDefaultImports":true,"allowNonTsExtensions":true,"noEmitForJsFiles":true,"maxNodeModuleJsDepth":2},"typeAcquisition":{"enable":true,"include":[],"exclude":[]},"unresolvedImports":[],"projectRootPath":"/Users/jessekelly/projects/io-ts-string-types","kind":"discover"}
[12:31:50.906] Explicitly included types: []
[12:31:50.907] Typing names in '/Users/jessekelly/projects/io-ts-string-types/package.json' dependencies: ["@relmify/jest-fp-ts","@types/validator","validator","@types/jest","@typescript-eslint/eslint-plugin","@typescript-eslint/parser","cspell","docs-ts","eslint","fast-check","fp-ts","jest","prettier","prettier-plugin-jsdoc","ts-jest","typescript","@types/validator","fp-ts","validator"]
[12:31:50.907] Searching for typing names in /Users/jessekelly/projects/io-ts-string-types/node_modules; all files: ["/Users/jessekelly/projects/io-ts-string-types/node_modules/@relmify/jest-fp-ts/package.json","/Users/jessekelly/projects/io-ts-string-types/node_modules/@types/validator/package.json","/Users/jessekelly/projects/io-ts-string-types/node_modules/validator/package.json","/Users/jessekelly/projects/io-ts-string-types/node_modules/@types/jest/package.json","/Users/jessekelly/projects/io-ts-string-types/node_modules/@typescript-eslint/eslint-plugin/package.json","/Users/jessekelly/projects/io-ts-string-types/node_modules/@typescript-eslint/parser/package.json","/Users/jessekelly/projects/io-ts-string-types/node_modules/cspell/package.json","/Users/jessekelly/projects/io-ts-string-types/node_modules/docs-ts/package.json","/Users/jessekelly/projects/io-ts-string-types/node_modules/eslint/package.json","/Users/jessekelly/projects/io-ts-string-types/node_modules/fast-check/package.json","/Users/jessekelly/projects/io-ts-string-types/node_modules/fp-ts/package.json","/Users/jessekelly/projects/io-ts-string-types/node_modules/jest/package.json","/Users/jessekelly/projects/io-ts-string-types/node_modules/prettier/package.json","/Users/jessekelly/projects/io-ts-string-types/node_modules/prettier-plugin-jsdoc/package.json","/Users/jessekelly/projects/io-ts-string-types/node_modules/ts-jest/package.json","/Users/jessekelly/projects/io-ts-string-types/node_modules/typescript/package.json","/Users/jessekelly/projects/io-ts-string-types/node_modules/@types/validator/package.json","/Users/jessekelly/projects/io-ts-string-types/node_modules/fp-ts/package.json","/Users/jessekelly/projects/io-ts-string-types/node_modules/validator/package.json"]
[12:31:50.908]     Package '@relmify/jest-fp-ts' provides its own types.
[12:31:50.909]     Package '@types/validator' provides its own types.
[12:31:50.912]     Package '@types/jest' provides its own types.
[12:31:50.912]     Package '@typescript-eslint/eslint-plugin' provides its own types.
[12:31:50.914]     Package '@typescript-eslint/parser' provides its own types.
[12:31:50.915]     Package 'cspell' provides its own types.
[12:31:50.916]     Package 'docs-ts' provides its own types.
[12:31:50.917]     Package 'fast-check' provides its own types.
[12:31:50.918]     Package 'fp-ts' provides its own types.
[12:31:50.918]     Package 'jest' provides its own types.
[12:31:50.920]     Package 'ts-jest' provides its own types.
[12:31:50.921]     Package 'typescript' provides its own types.
[12:31:50.921]     Package '@types/validator' provides its own types.
[12:31:50.922]     Package 'fp-ts' provides its own types.
[12:31:50.922]     Found package names: ["validator","eslint","prettier","prettier-plugin-jsdoc","validator"]
[12:31:50.922] Inferred typings from unresolved imports: []
[12:31:50.922] Result: {"cachedTypingPaths":["/Users/jessekelly/projects/io-ts-string-types/node_modules/@relmify/jest-fp-ts/dist/index.d.ts","/Users/jessekelly/projects/io-ts-string-types/node_modules/@types/validator/index.d.ts","/Users/jessekelly/projects/io-ts-string-types/node_modules/@types/jest/index.d.ts","/Users/jessekelly/projects/io-ts-string-types/node_modules/@typescript-eslint/eslint-plugin/index.d.ts","/Users/jessekelly/projects/io-ts-string-types/node_modules/@typescript-eslint/parser/dist/index.d.ts","/Users/jessekelly/projects/io-ts-string-types/node_modules/cspell/dist/index.d.ts","/Users/jessekelly/projects/io-ts-string-types/node_modules/docs-ts/lib/index.d.ts","/Users/jessekelly/projects/io-ts-string-types/node_modules/fast-check/lib/types/fast-check.d.ts","/Users/jessekelly/projects/io-ts-string-types/node_modules/fp-ts/lib/index.d.ts","/Users/jessekelly/projects/io-ts-string-types/node_modules/jest/build/jest.d.ts","/Users/jessekelly/projects/io-ts-string-types/node_modules/ts-jest/dist/index.d.ts","/Users/jessekelly/projects/io-ts-string-types/node_modules/typescript/lib/typescript.d.ts"],"newTypingNames":["validator","eslint","prettier","prettier-plugin-jsdoc"],"filesToWatch":["/Users/jessekelly/projects/io-ts-string-types/bower_components","/Users/jessekelly/projects/io-ts-string-types/package.json","/Users/jessekelly/projects/io-ts-string-types/node_modules"]}
[12:31:50.922] Finished typings discovery: {"cachedTypingPaths":["/Users/jessekelly/projects/io-ts-string-types/node_modules/@relmify/jest-fp-ts/dist/index.d.ts","/Users/jessekelly/projects/io-ts-string-types/node_modules/@types/validator/index.d.ts","/Users/jessekelly/projects/io-ts-string-types/node_modules/@types/jest/index.d.ts","/Users/jessekelly/projects/io-ts-string-types/node_modules/@typescript-eslint/eslint-plugin/index.d.ts","/Users/jessekelly/projects/io-ts-string-types/node_modules/@typescript-eslint/parser/dist/index.d.ts","/Users/jessekelly/projects/io-ts-string-types/node_modules/cspell/dist/index.d.ts","/Users/jessekelly/projects/io-ts-string-types/node_modules/docs-ts/lib/index.d.ts","/Users/jessekelly/projects/io-ts-string-types/node_modules/fast-check/lib/types/fast-check.d.ts","/Users/jessekelly/projects/io-ts-string-types/node_modules/fp-ts/lib/index.d.ts","/Users/jessekelly/projects/io-ts-string-types/node_modules/jest/build/jest.d.ts","/Users/jessekelly/projects/io-ts-string-types/node_modules/ts-jest/dist/index.d.ts","/Users/jessekelly/projects/io-ts-string-types/node_modules/typescript/lib/typescript.d.ts"],"newTypingNames":["validator","eslint","prettier","prettier-plugin-jsdoc"],"filesToWatch":["/Users/jessekelly/projects/io-ts-string-types/bower_components","/Users/jessekelly/projects/io-ts-string-types/package.json","/Users/jessekelly/projects/io-ts-string-types/node_modules"]}
[12:31:50.922] Installing typings ["validator","eslint","prettier","prettier-plugin-jsdoc"]
[12:31:50.922] 'validator':: Entry for package 'validator' does not exist in local types registry - skipping...
[12:31:50.923] 'eslint':: Entry for package 'eslint' does not exist in local types registry - skipping...
[12:31:50.923] 'prettier':: Entry for package 'prettier' does not exist in local types registry - skipping...
[12:31:50.923] 'prettier-plugin-jsdoc':: Entry for package 'prettier-plugin-jsdoc' does not exist in local types registry - skipping...
[12:31:50.923] All typings are known to be missing or invalid - no need to install more typings
[12:31:50.923] Sending response:
    {"projectName":"/dev/null/inferredProject1*","typeAcquisition":{"enable":true,"include":[],"exclude":[]},"compilerOptions":{"module":1,"target":3,"jsx":1,"allowJs":true,"allowSyntheticDefaultImports":true,"allowNonTsExtensions":true,"noEmitForJsFiles":true,"maxNodeModuleJsDepth":2},"typings":["/Users/jessekelly/projects/io-ts-string-types/node_modules/@relmify/jest-fp-ts/dist/index.d.ts","/Users/jessekelly/projects/io-ts-string-types/node_modules/@types/validator/index.d.ts","/Users/jessekelly/projects/io-ts-string-types/node_modules/@types/jest/index.d.ts","/Users/jessekelly/projects/io-ts-string-types/node_modules/@typescript-eslint/eslint-plugin/index.d.ts","/Users/jessekelly/projects/io-ts-string-types/node_modules/@typescript-eslint/parser/dist/index.d.ts","/Users/jessekelly/projects/io-ts-string-types/node_modules/cspell/dist/index.d.ts","/Users/jessekelly/projects/io-ts-string-types/node_modules/docs-ts/lib/index.d.ts","/Users/jessekelly/projects/io-ts-string-types/node_modules/fast-check/lib/types/fast-check.d.ts","/Users/jessekelly/projects/io-ts-string-types/node_modules/fp-ts/lib/index.d.ts","/Users/jessekelly/projects/io-ts-string-types/node_modules/jest/build/jest.d.ts","/Users/jessekelly/projects/io-ts-string-types/node_modules/ts-jest/dist/index.d.ts","/Users/jessekelly/projects/io-ts-string-types/node_modules/typescript/lib/typescript.d.ts"],"unresolvedImports":[],"kind":"action::set"}
[12:31:50.923] Response has been sent.
